# JRE version: OpenJDK Runtime Environment (8.0_152-b01) (build 1.8.0_152-release-915-b01)
# Java VM: OpenJDK 64-Bit Server VM (25.152-b01 mixed mode windows-amd64 compressed oops)
Heap:
 PSYoungGen      total 182272K, used 60085K [0x00000000eab00000, 0x00000000f9280000, 0x0000000100000000)
  eden space 139776K, 39% used [0x00000000eab00000,0x00000000ee0a8258,0x00000000f3380000)
  from space 42496K, 12% used [0x00000000f6900000,0x00000000f6e05560,0x00000000f9280000)
  to   space 48640K, 0% used [0x00000000f3380000,0x00000000f3380000,0x00000000f6300000)
 ParOldGen       total 151040K, used 71647K [0x00000000c0000000, 0x00000000c9380000, 0x00000000eab00000)
  object space 151040K, 47% used [0x00000000c0000000,0x00000000c45f7e18,0x00000000c9380000)
 Metaspace       used 71155K, capacity 74052K, committed 75648K, reserved 1114112K
  class space    used 8993K, capacity 9660K, committed 10112K, reserved 1048576K
GC Heap History (10 events):
Event: 1882.237 GC heap before
{Heap before GC invocations=37 (full 4):
 PSYoungGen      total 140800K, used 111616K [0x00000000eab00000, 0x00000000f8700000, 0x0000000100000000)
  eden space 111616K, 100% used [0x00000000eab00000,0x00000000f1800000,0x00000000f1800000)
  from space 29184K, 0% used [0x00000000f3f80000,0x00000000f3f80000,0x00000000f5c00000)
  to   space 40448K, 0% used [0x00000000f1800000,0x00000000f1800000,0x00000000f3f80000)
 ParOldGen       total 141824K, used 81496K [0x00000000c0000000, 0x00000000c8a80000, 0x00000000eab00000)
  object space 141824K, 57% used [0x00000000c0000000,0x00000000c4f963e8,0x00000000c8a80000)
 Metaspace       used 68909K, capacity 71406K, committed 73728K, reserved 1114112K
  class space    used 8775K, capacity 9383K, committed 9984K, reserved 1048576K
Event: 1882.296 GC heap after
Heap after GC invocations=37 (full 4):
 PSYoungGen      total 152064K, used 20359K [0x00000000eab00000, 0x00000000f7a80000, 0x0000000100000000)
  eden space 111616K, 0% used [0x00000000eab00000,0x00000000eab00000,0x00000000f1800000)
  from space 40448K, 50% used [0x00000000f1800000,0x00000000f2be1c40,0x00000000f3f80000)
  to   space 39936K, 0% used [0x00000000f5380000,0x00000000f5380000,0x00000000f7a80000)
 ParOldGen       total 141824K, used 81504K [0x00000000c0000000, 0x00000000c8a80000, 0x00000000eab00000)
  object space 141824K, 57% used [0x00000000c0000000,0x00000000c4f983e8,0x00000000c8a80000)
 Metaspace       used 68909K, capacity 71406K, committed 73728K, reserved 1114112K
  class space    used 8775K, capacity 9383K, committed 9984K, reserved 1048576K
}
Event: 1884.792 GC heap before
{Heap before GC invocations=38 (full 4):
 PSYoungGen      total 152064K, used 131975K [0x00000000eab00000, 0x00000000f7a80000, 0x0000000100000000)
  eden space 111616K, 100% used [0x00000000eab00000,0x00000000f1800000,0x00000000f1800000)
  from space 40448K, 50% used [0x00000000f1800000,0x00000000f2be1c40,0x00000000f3f80000)
  to   space 39936K, 0% used [0x00000000f5380000,0x00000000f5380000,0x00000000f7a80000)
 ParOldGen       total 141824K, used 81504K [0x00000000c0000000, 0x00000000c8a80000, 0x00000000eab00000)
  object space 141824K, 57% used [0x00000000c0000000,0x00000000c4f983e8,0x00000000c8a80000)
 Metaspace       used 70275K, capacity 72750K, committed 75008K, reserved 1114112K
  class space    used 8896K, capacity 9511K, committed 9984K, reserved 1048576K
Event: 1884.874 GC heap after
Heap after GC invocations=38 (full 4):
 PSYoungGen      total 162304K, used 39922K [0x00000000eab00000, 0x00000000f9000000, 0x0000000100000000)
  eden space 122368K, 0% used [0x00000000eab00000,0x00000000eab00000,0x00000000f2280000)
  from space 39936K, 99% used [0x00000000f5380000,0x00000000f7a7cb28,0x00000000f7a80000)
  to   space 50176K, 0% used [0x00000000f2280000,0x00000000f2280000,0x00000000f5380000)
 ParOldGen       total 141824K, used 93009K [0x00000000c0000000, 0x00000000c8a80000, 0x00000000eab00000)
  object space 141824K, 65% used [0x00000000c0000000,0x00000000c5ad4790,0x00000000c8a80000)
 Metaspace       used 70275K, capacity 72750K, committed 75008K, reserved 1114112K
  class space    used 8896K, capacity 9511K, committed 9984K, reserved 1048576K
}
Event: 1895.949 GC heap before
{Heap before GC invocations=39 (full 4):
 PSYoungGen      total 162304K, used 162290K [0x00000000eab00000, 0x00000000f9000000, 0x0000000100000000)
  eden space 122368K, 100% used [0x00000000eab00000,0x00000000f2280000,0x00000000f2280000)
  from space 39936K, 99% used [0x00000000f5380000,0x00000000f7a7cb28,0x00000000f7a80000)
  to   space 50176K, 0% used [0x00000000f2280000,0x00000000f2280000,0x00000000f5380000)
 ParOldGen       total 141824K, used 93009K [0x00000000c0000000, 0x00000000c8a80000, 0x00000000eab00000)
  object space 141824K, 65% used [0x00000000c0000000,0x00000000c5ad4790,0x00000000c8a80000)
 Metaspace       used 71015K, capacity 73570K, committed 75648K, reserved 1114112K
  class space    used 8941K, capacity 9587K, committed 10112K, reserved 1048576K
Event: 1896.041 GC heap after
Heap after GC invocations=39 (full 4):
 PSYoungGen      total 172544K, used 23821K [0x00000000eab00000, 0x00000000f9880000, 0x0000000100000000)
  eden space 122368K, 0% used [0x00000000eab00000,0x00000000eab00000,0x00000000f2280000)
  from space 50176K, 47% used [0x00000000f2280000,0x00000000f39c3440,0x00000000f5380000)
  to   space 48640K, 0% used [0x00000000f6900000,0x00000000f6900000,0x00000000f9880000)
 ParOldGen       total 141824K, used 126893K [0x00000000c0000000, 0x00000000c8a80000, 0x00000000eab00000)
  object space 141824K, 89% used [0x00000000c0000000,0x00000000c7beb530,0x00000000c8a80000)
 Metaspace       used 71015K, capacity 73570K, committed 75648K, reserved 1114112K
  class space    used 8941K, capacity 9587K, committed 10112K, reserved 1048576K
}
Event: 1896.042 GC heap before
{Heap before GC invocations=40 (full 5):
 PSYoungGen      total 172544K, used 23821K [0x00000000eab00000, 0x00000000f9880000, 0x0000000100000000)
  eden space 122368K, 0% used [0x00000000eab00000,0x00000000eab00000,0x00000000f2280000)
  from space 50176K, 47% used [0x00000000f2280000,0x00000000f39c3440,0x00000000f5380000)
  to   space 48640K, 0% used [0x00000000f6900000,0x00000000f6900000,0x00000000f9880000)
 ParOldGen       total 141824K, used 126893K [0x00000000c0000000, 0x00000000c8a80000, 0x00000000eab00000)
  object space 141824K, 89% used [0x00000000c0000000,0x00000000c7beb530,0x00000000c8a80000)
 Metaspace       used 71015K, capacity 73570K, committed 75648K, reserved 1114112K
  class space    used 8941K, capacity 9587K, committed 10112K, reserved 1048576K
Event: 1896.386 GC heap after
Heap after GC invocations=40 (full 5):
 PSYoungGen      total 172544K, used 0K [0x00000000eab00000, 0x00000000f9880000, 0x0000000100000000)
  eden space 122368K, 0% used [0x00000000eab00000,0x00000000eab00000,0x00000000f2280000)
  from space 50176K, 0% used [0x00000000f2280000,0x00000000f2280000,0x00000000f5380000)
  to   space 48640K, 0% used [0x00000000f6900000,0x00000000f6900000,0x00000000f9880000)
 ParOldGen       total 151040K, used 71639K [0x00000000c0000000, 0x00000000c9380000, 0x00000000eab00000)
  object space 151040K, 47% used [0x00000000c0000000,0x00000000c45f5e18,0x00000000c9380000)
 Metaspace       used 70255K, capacity 72734K, committed 75648K, reserved 1114112K
  class space    used 8860K, capacity 9479K, committed 10112K, reserved 1048576K
}
Event: 1921.510 GC heap before
{Heap before GC invocations=41 (full 5):
 PSYoungGen      total 172544K, used 122368K [0x00000000eab00000, 0x00000000f9880000, 0x0000000100000000)
  eden space 122368K, 100% used [0x00000000eab00000,0x00000000f2280000,0x00000000f2280000)
  from space 50176K, 0% used [0x00000000f2280000,0x00000000f2280000,0x00000000f5380000)
  to   space 48640K, 0% used [0x00000000f6900000,0x00000000f6900000,0x00000000f9880000)
 ParOldGen       total 151040K, used 71639K [0x00000000c0000000, 0x00000000c9380000, 0x00000000eab00000)
  object space 151040K, 47% used [0x00000000c0000000,0x00000000c45f5e18,0x00000000c9380000)
 Metaspace       used 71133K, capacity 73988K, committed 75648K, reserved 1114112K
  class space    used 8993K, capacity 9660K, committed 10112K, reserved 1048576K
Event: 1921.533 GC heap after
Heap after GC invocations=41 (full 5):
 PSYoungGen      total 182272K, used 5141K [0x00000000eab00000, 0x00000000f9280000, 0x0000000100000000)
  eden space 139776K, 0% used [0x00000000eab00000,0x00000000eab00000,0x00000000f3380000)
  from space 42496K, 12% used [0x00000000f6900000,0x00000000f6e05560,0x00000000f9280000)
  to   space 48640K, 0% used [0x00000000f3380000,0x00000000f3380000,0x00000000f6300000)
 ParOldGen       total 151040K, used 71647K [0x00000000c0000000, 0x00000000c9380000, 0x00000000eab00000)
  object space 151040K, 47% used [0x00000000c0000000,0x00000000c45f7e18,0x00000000c9380000)
 Metaspace       used 71133K, capacity 73988K, committed 75648K, reserved 1114112K
  class space    used 8993K, capacity 9660K, committed 10112K, reserved 1048576K
}

